5DUN_1_A
7EEM_1_A
7EEN_1_B
7YFX_1_B
7YOJ_1_B
7Z4E_1_A
7Z4K_1_A
5SWD_1_A
5U34_1_B
5U3G_1_B
5WTI_1_B
5WTK_1_B
5WZG_1_B
5WZI_1_B
5WZJ_1_B
5XWG_1_A
5XWY_1_B
4FNJ_1_A
4GCW_1_B
4J39_1_B
4JRD_1_A
4JRD_1_B
4JXZ_1_B
4JYZ_1_B
6P2H_1_A
6PMO_1_A
6PMO_1_B
6R47_1_A
1QF6_1_B
1U0B_1_A
1U9S_1_A
2F8K_1_B
2IX1_1_B
2JLT_1_A
2L1V_1_A
8R57_1_A
8SA5_1_B
8SCZ_1_B
8TJV_1_A
8TNS_1_A
8UPT_1_A
8UW3_1_B
8BF8_1_B
8BH9_1_B
8CVO_1_A
1NBS_1_A
1NBS_1_B
1P6V_1_B
1Q96_1_A
8D49_1_B
8DC2_1_B
8DVS_1_B
8DVU_1_B
8E29_1_B
8E2A_1_B
8EWG_1_B
8EYW_1_B
8F4O_1_A
8F4O_1_B
3DD2_1_B
3DW5_1_A
3EGZ_1_B
4WJ4_1_B
5HSW_1_B
5I9D_1_B
5I9G_1_A
5I9H_1_B
387D_1_A
3AM1_1_B
7TO2_1_B
7TQB_1_A
3SN2_1_B
3SSF_1_A
3V74_1_B
3QRQ_1_B
3QRR_1_B
3R4F_1_A
3S8U_1_A
5UX3_1_A
5V3F_1_A
5V3F_1_B
7VFT_1_A
7VTN_1_B
7XHT_1_B
2Y8W_1_B
2Y8Y_1_B
2Y95_1_A
2ZZM_1_B
4M4O_1_B
4NGB_1_B
4NGC_1_B
4NGD_1_B
4NGG_1_B
4NH3_1_B
4NH5_1_B
4NH6_1_B
4NHA_1_B
4NLF_1_A
4NYG_1_A
4P5J_1_A
6FZ0_1_A
7JJF_1_A
7JNH_1_B
7JRR_1_A
1XJR_1_A
1XOK_1_A
7PD3_1_B
7A9W_1_B
7A9X_1_B
7ASA_1_A
7BHP_1_B
6AZ4_1_A
5KPY_1_A
5LYU_1_A
4X4V_1_B
4Y1M_1_A
4Y1M_1_B
4Y27_1_A
4YCP_1_B
4ZLD_1_B
6YYM_1_B
6ZDP_1_B
7KQM_1_B
7LYF_1_A
5D8H_1_A
5D99_1_A
4KNQ_1_B
4KQY_1_A
5M0H_1_A
5MWI_1_A
6JFU_1_B
6JXM_1_B
6LU0_1_B
6M0W_1_B
6N5N_1_A
6XRQ_1_B
6XUR_1_A
8FTI_1_B
8FZA_1_A
8FZA_1_B
8FZT_1_B
8G1I_1_B
8H2H_1_B
8HB8_1_A
8HHL_1_B
8HHM_1_B
8HJ4_1_B
8HNT_1_B
8HNV_1_B
8HNW_1_B
8HUD_1_B
8IPM_1_A
8JDL_1_A
8JDM_1_A
8JOZ_1_B
8PM4_1_B
255D_1_A
283D_1_A
2A43_1_A
2ASB_1_B
1BR3_1_A
1EFO_1_B
1F1T_1_A
1F27_1_A
1FIR_1_A
1FIX_1_A
5O62_1_B
5O6U_1_A
4X4T_1_B
4X4U_1_B
3K1V_1_A
3MIJ_1_A
3MOJ_1_A
3ND3_1_A
3ND4_1_A
3NKB_1_B
3NPN_1_A
3O3I_1_A
7POF_1_A
7QQX_1_A
7QR0_1_A
7QSH_1_A
7R9F_1_B
7R9G_1_B
5JS1_1_B
4AOB_1_A
4ARC_1_B
6DU4_1_B
6DU5_1_B
6E7L_1_A
6E8U_1_B
6FPX_1_B
6FQ3_1_B
6FQL_1_B
6TQB_1_B
6UFM_1_B
6UGI_1_A
6UGJ_1_A
6VMY_1_A
6VPC_1_A
6VRD_1_B
6W5C_1_B
6W6V_1_A
1G2E_1_B
1J1U_1_B
1KFO_1_A
1KH6_1_A
1KXK_1_A
1L3D_1_A
1L9A_1_B
7MKT_1_A
7MRL_1_A
7N2M_1_B
6CC3_1_B
6CU1_1_A
6D3P_1_A
4PCJ_1_A
4PMI_1_A
4PQV_1_A
4QK9_1_A
4QLM_1_A
4RBQ_1_A
4RBZ_1_A
6AAY_1_B
6AR5_1_B
2OEU_1_A
2PJP_1_B
2PXK_1_B
6WYB_1_B
3FU2_1_B
3IBK_1_A
5A8L_1_A
5A8L_1_B
5BZ1_1_B
5C5W_1_A
7UO2_1_B
7UQ6_1_B
7UZ0_1_A
7V93_1_B
7V94_1_B
7D7V_1_A
