3C9P
2HL7
2J7O
4GMQ
6DKU
3THG
4NSO
6AEQ
3H36
5XNS
1UJ8
1Y0N
2I5U
1Z67
1OLT
1Z21
6E6R
3G2B
3A4C
2VQC
2XF6
3ZCO
3ZR8
4F55
3LF9
4H3T
2BZF
1X6J
2DUY
3T5Q
3M7D
1Q8D
3PM2
3GQU
2CKX
3NZL
1ZVU
6INE
4FBS
2R9I
2ZQM
1M5I
2GTS
1ZX3
1XOU
1U84
2V75
3NS4
2IGP
1AD6
2QDJ
3PMD
2YSK
3ZTA
3FAY
2OEB
4H79
1SIG
5LPC
1Y02
3PMQ
2IJE
1SKN
3CTV
3HZQ
2Z44
1U9P
2RH3
16VP
5NRM
3X0G
1DVO
1J1V
3DD9
5FCY
1N81
3G7P
2NSA
3NPH
3KQ5
4HTO
3H0N
2QTI
2PV4
2CWY
5TT6
1TLQ
1T07
2FI0
3DT5
4E6S
1Q5Z
2FM9
2W6B
3H25
3KLT
4GDO
1L2P
1D66
1NYH
2AXC
3JC2
1YIB
2XG7
3H7Z
3QFL
2ERL
4HWF
2FUP
5GNA
1R8I
2W0G
2Y6X
3C64
4MLK
3NRY
3OKQ
3Q5X
3ZCI
2YK0
2FCW
4HHX
1G5Z
1HE9
1L3P
1ORY
5TPM
2AP3
2AU5
3FXH
5TJ5
1IZM
1S7Z
4YJW
3FAJ
2WVN
3JRT
3I4U
2W9Y
2P6V
2J9V
6E5X
2XL4
2XRH
2XSE
6CGV
3T4R
4AX2
4A2N
4FWV
4K7B
4KC9
4ZLD
3RIP
4FZ4
4P79
2NR7
3CMN
1S2X
3I4R
2XZ2
4N3Z
5ZWU
6C7L
3FCN
3LMF
2B8I
3L1N
2PFT
4E4B
4QND
2ES9
3TS9
1J3E
3FYQ
4ONR
2ETD
2P22
4HFV
4L3U
3GIA
3ZIL
4KF8
2BTD
1WY6
2JEK
4HS2
2WVI
5HAY
2ILR
2IQC
2J49
3ZRH
2X3M
3UT7
4ATG
4EPZ
4JW1
4J8S
4K51
3U64
4E6H
3M66
4GL3
3ZLD
3BT4
2J6A
2AYD
3VTN
1RYQ
3WWL
3WIT
4EO1
4OSN
2QAS
4XXB
5YCQ
1R8O
3URG
2X4J
3TEE
3RMQ
4MDW
4BOB
3NX6
1UOY
4F98
1PV5
4YX5
3F3B
3FO8
4Q63
2D9R
5YHI
4KBX
2WKD
2XVS
4HN7
3DUZ
4HSP
3DJL
3MX7
4ZGF
4QRL
4GDZ
4QNI
4HWM
4JGL
4LQZ
4WHI
4L1N
1WHI
5EE2
5GV0
2YNK
4FUV
4GF4
3CJY
4EPA
1DFU
1WJX
1OW1
3V0R
3FZX
1ZVC
4EG9
1JK4
3UJZ
2X6U
2J71
3E8V
1R75
1IFR
5HDW
1XAK
2HUH
3KCW
1ZLD
3Q13
2YGN
3ESM
2ZWS
4FTD
3ISY
4RDB
2EDM
3VVV
3SD2
3LYR
3U4K
3UAF
3UH8
5GMY
3ZGH
4H4N
4LB8
4NI6
4MTM
4N6Q
4ZZF
3SB3
4CGU
3S6Z
2ARA
1JOB
4O65
3CBN
1YQ8
5LZ6
2VVD
5AFB
3GBW
4H14
5VQP
4AK3
2QUO
3J26
3RJ2
5TA1
4DNY
4IL7
1DZL
5EJH
4A4Y
2VGA
1I3P
3A57
4JOX
2IIA
4OBI
3IOX
1TUL
2HC8
1NJH
1N7U
1Z27
3N6Z
4RDR
3ULX
1QQH
4G79
5KIS
3J9C
1YN4
5LZN
4A6Q
4JE3
4NJC
3GA8
5JH8
3GUQ
1SBX
3ONH
3S9X
2HNG
2IA7
3K63
2CIU
4FR9
2V1L
3Q1C
3U97
3GMV
2W2S
2HLY
4G29
4YYC
3SGG
4N7Q
2ISB
2HW2
2FD4
3PLW
3G27
4IOH
6DS6
1VCC
3BV8
2YQ0
1KP6
4PWW
1LXJ
3EWG
2E7V
1TUW
1J27
3BKF
4ER8
4ILR
2X3G
3WX4
4HLB
5XAP
2EFV
2IRX
4CHD
3HZ7
1LN4
2Y1B
3ZII
4EO0
2GPI
2I9I
2YZT
2H36
2WZO
4F54
4P1M
4UOI
1PUC
6JPT
3CQ1
3N2Q
3N54
4JM1
2PWW
2NWV
1MSC
4AF1
3T7Z
3RVC
5A48
3BW6
3KYZ
3B47
3U2A
5C17
2BBH
2X5R
4FVG
3K2T
4JHY
1914
3L9A
1WHZ
3FFY
4YYP
3K1H
1YGT
1G2R
5VTM
3BN0
5L16
2H8E
2IAF
2QTP
3TTG
2FFM
5WLN
3D2N
2NRQ
3VX7
3RF2
3K3V
3C0F
4R7R
3VOR
1QYS
2IAY
2DVK
1QW2
3LUU
2V7S
1ZHV
3KLU
2NML
2PK8
2DMA
5YY0
1WV8
1QXX
5FGP
5GHS
4MNN
1PDO
2XKJ
5W6M
3JU3
3PU6
1IU9
6DKE
3U4G
1U7U
4ZEM
2CXH
4EOG
3MNF
2BZ1
2YV4
3HYN
4J29
3K1T
2FSU
3VBC
3UC9
3V46
4CU2
4I66
6CFW
4EGC
3VGP
4AF8
1CFR
2P14
3HQG
1VK9
3MST
3NOH
2Q82
1OZ9
1DMU
2PW6
2O0A
2RAA
1VR8
4L9H
3BCY
3NR5
4ESQ
1QHL
4JWG
1R9W
4LQE
3IF0
5ZVQ
1DMG
1VP8
4PS6
3CWY
1Y0K
2HQV
3HON
2OB5
3CNI
1PZW
1ZJC
4XPM
2B0A
2PSB
1J5U
3GS9
3ADY
3OV5
1KUU
1PG6
3CAN
1UKF
3IFU
2Z84
3RNV
4MI7
6HLX
3MVN
1GPC
1AOL
1BXE
2C0N
2ATZ
1P4P
5KVK
5W33
1O22
3LTI
3FDD
2A1V
2QSR
2WB6
1J3A
1OCY
3IU0
4HFL
3EMI
4ITQ
